<?xml version="1.0" encoding="UTF-8"?><testsuite errors="0" failures="0" name="com.playground.stores.StoresCRUD_WithSteps" skipped="0" tests="4" time="0.21" timestamp="2022-06-06T23:52:58.127+01:00[Europe/London]"><testcase classname="com.playground.stores.StoresCRUD_WithSteps" name="Test001"/><testcase classname="com.playground.stores.StoresCRUD_WithSteps" name="Test002"/><testcase classname="com.playground.stores.StoresCRUD_WithSteps" name="Test003"/><testcase classname="com.playground.stores.StoresCRUD_WithSteps" name="Test004"/></testsuite>