<?xml version="1.0" encoding="UTF-8"?><testsuite errors="0" failures="0" name="com.playground.services.ServiceCURDWithSteps" skipped="0" tests="4" time="0.25" timestamp="2022-06-06T23:52:57.820+01:00[Europe/London]"><testcase classname="com.playground.services.ServiceCURDWithSteps" name="Test001"/><testcase classname="com.playground.services.ServiceCURDWithSteps" name="Test002"/><testcase classname="com.playground.services.ServiceCURDWithSteps" name="Test003"/><testcase classname="com.playground.services.ServiceCURDWithSteps" name="Test004"/></testsuite>