<?xml version="1.0" encoding="UTF-8"?><testsuite errors="0" failures="0" name="com.playground.products.ProductCURDTest" skipped="0" tests="4" time="0.48" timestamp="2022-06-06T23:52:57.315+01:00[Europe/London]"><testcase classname="com.playground.products.ProductCURDTest" name="Test001"/><testcase classname="com.playground.products.ProductCURDTest" name="Test002"/><testcase classname="com.playground.products.ProductCURDTest" name="Test003"/><testcase classname="com.playground.products.ProductCURDTest" name="Test004"/></testsuite>