<?xml version="1.0" encoding="UTF-8"?><testsuite errors="0" failures="0" name="com.playground.categories.CategoriesCURDWithSteps" skipped="0" tests="4" time="7.38" timestamp="2022-06-06T23:52:48.208+01:00[Europe/London]"><testcase classname="com.playground.categories.CategoriesCURDWithSteps" name="Test001"/><testcase classname="com.playground.categories.CategoriesCURDWithSteps" name="Test002"/><testcase classname="com.playground.categories.CategoriesCURDWithSteps" name="Test003"/><testcase classname="com.playground.categories.CategoriesCURDWithSteps" name="Test004"/></testsuite>